#
# There is insufficient memory for the Java Runtime Environment to continue.
# Native memory allocation (malloc) failed to allocate 32744 bytes. Error detail: Chunk::new
# Possible reasons:
#   The system is out of physical RAM or swap space
#   This process is running with CompressedOops enabled, and the Java Heap may be blocking the growth of the native heap
# Possible solutions:
#   Reduce memory load on the system
#   Increase physical memory or swap space
#   Check if swap backing store is full
#   Decrease Java heap size (-Xmx/-Xms)
#   Decrease number of Java threads
#   Decrease Java thread stack sizes (-Xss)
#   Set larger code cache with -XX:ReservedCodeCacheSize=
#   JVM is running with Unscaled Compressed Oops mode in which the Java heap is
#     placed in the first 4GB address space. The Java Heap base address is the
#     maximum limit for the native heap growth. Please use -XX:HeapBaseMinAddress
#     to set the Java Heap base and to place the Java Heap above 4GB virtual address.
# This output file may be truncated or incomplete.
#
#  Out of Memory Error (arena.cpp:150), pid=20888, tid=23592
#
# JRE version: Java(TM) SE Runtime Environment (22.0+36) (build 22+36-2370)
# Java VM: Java HotSpot(TM) 64-Bit Server VM (22+36-2370, mixed mode, sharing, tiered, compressed oops, compressed class ptrs, g1 gc, windows-amd64)
# No core dump will be written. Minidumps are not enabled by default on client versions of Windows
#

---------------  S U M M A R Y ------------

Command Line: -Dfile.encoding=UTF-8 --module-path=C:\Users\user\Desktop\MISHEL GPROY\grupo4OSAdministradorProcesos\administradorProcesosGrupo4\build\classes main

Host: Intel(R) Pentium(R) Silver N5000 CPU @ 1.10GHz, 4 cores, 7G,  Windows 11 , 64 bit Build 26100 (10.0.26100.4484)
Time: Wed Sep  3 13:18:08 2025 Hora estándar, América Central elapsed time: 1.468428 seconds (0d 0h 0m 1s)

---------------  T H R E A D  ---------------

Current thread (0x0000020f5071e290):  JavaThread "C2 CompilerThread0" daemon [_thread_in_native, id=23592, stack(0x0000004fd9300000,0x0000004fd9400000) (1024K)]


Current CompileTask:
C2:1468  613       4      
[error occurred during error reporting (printing current compile task), id 0xe0000001, Out of Memory Error (s\open\src\hotspot\share\memory\arena.cpp:150)]
Stack: [0x0000004fd9300000,0x0000004fd9400000]
Native frames: (J=compiled Java code, j=interpreted, Vv=VM code, C=native code)
V  [jvm.dll+0x6e2349]  (no source info available)
V  [jvm.dll+0x874ed3]  (no source info available)
V  [jvm.dll+0x8772fe]  (no source info available)
V  [jvm.dll+0x8779d3]  (no source info available)
V  [jvm.dll+0x27fcb6]  (no source info available)
V  [jvm.dll+0xc3d0f]  (no source info available)
V  [jvm.dll+0xc3f6b]  (no source info available)
V  [jvm.dll+0x7dd96c]  (no source info available)
V  [jvm.dll+0x7dda59]  (no source info available)
V  [jvm.dll+0x694959]  (no source info available)
V  [jvm.dll+0x25ab77]  (no source info available)
V  [jvm.dll+0x25b177]  (no source info available)
V  [jvm.dll+0x874d37]  (no source info available)
V  [jvm.dll+0x8772fe]  (no source info available)
V  [jvm.dll+0x8779d3]  (no source info available)
V  [jvm.dll+0x27fcb6]  (no source info available)
V  [jvm.dll+0xc3d0f]  (no source info available)
V  [jvm.dll+0xc3f6b]  (no source info available)
V  [jvm.dll+0x2f3bc4]  (no source info available)
V  [jvm.dll+0x60bd8a]  (no source info available)
V  [jvm.dll+0x250d2f]  (no source info available)
V  [jvm.dll+0x248e1e]  (no source info available)
V  [jvm.dll+0x246eb6]  (no source info available)
V  [jvm.dll+0x1c4e90]  (no source info available)
V  [jvm.dll+0x25699e]  (no source info available)
V  [jvm.dll+0x254c5a]  (no source info available)
V  [jvm.dll+0x3f5426]  (no source info available)
V  [jvm.dll+0x81d50b]  (no source info available)
V  [jvm.dll+0x6e09e5]  (no source info available)
C  [ucrtbase.dll+0x37b0]  (no source info available)
C  [KERNEL32.DLL+0x2e8d7]  (no source info available)
C  [ntdll.dll+0x3c34c]  (no source info available)


---------------  P R O C E S S  ---------------

Threads class SMR info:
_java_thread_list=0x0000020f50bf7ae0, length=15, elements={
0x0000020f507106b0, 0x0000020f50713e40, 0x0000020f507175d0, 0x0000020f50718030,
0x0000020f50718a90, 0x0000020f5071d500, 0x0000020f5071e290, 0x0000020f50724e40,
0x0000020f50976f00, 0x0000020f50a3f5f0, 0x0000020f50ab2910, 0x0000020f50babee0,
0x0000020f50bac550, 0x0000020f966591e0, 0x0000020f347d96e0
}

Java Threads: ( => current thread )
  0x0000020f507106b0 JavaThread "Reference Handler"          daemon [_thread_blocked, id=1280, stack(0x0000004fd8d00000,0x0000004fd8e00000) (1024K)]
  0x0000020f50713e40 JavaThread "Finalizer"                  daemon [_thread_blocked, id=20432, stack(0x0000004fd8e00000,0x0000004fd8f00000) (1024K)]
  0x0000020f507175d0 JavaThread "Signal Dispatcher"          daemon [_thread_blocked, id=3616, stack(0x0000004fd8f00000,0x0000004fd9000000) (1024K)]
  0x0000020f50718030 JavaThread "Attach Listener"            daemon [_thread_blocked, id=7632, stack(0x0000004fd9000000,0x0000004fd9100000) (1024K)]
  0x0000020f50718a90 JavaThread "Service Thread"             daemon [_thread_blocked, id=17064, stack(0x0000004fd9100000,0x0000004fd9200000) (1024K)]
  0x0000020f5071d500 JavaThread "Monitor Deflation Thread"   daemon [_thread_blocked, id=6756, stack(0x0000004fd9200000,0x0000004fd9300000) (1024K)]
=>0x0000020f5071e290 JavaThread "C2 CompilerThread0"         daemon [_thread_in_native, id=23592, stack(0x0000004fd9300000,0x0000004fd9400000) (1024K)]
  0x0000020f50724e40 JavaThread "C1 CompilerThread0"         daemon [_thread_in_native, id=16732, stack(0x0000004fd9400000,0x0000004fd9500000) (1024K)]
  0x0000020f50976f00 JavaThread "Common-Cleaner"             daemon [_thread_blocked, id=2308, stack(0x0000004fd9500000,0x0000004fd9600000) (1024K)]
  0x0000020f50a3f5f0 JavaThread "Notification Thread"        daemon [_thread_blocked, id=12056, stack(0x0000004fd9600000,0x0000004fd9700000) (1024K)]
  0x0000020f50ab2910 JavaThread "Java2D Disposer"            daemon [_thread_blocked, id=24036, stack(0x0000004fd9700000,0x0000004fd9800000) (1024K)]
  0x0000020f50babee0 JavaThread "AWT-Shutdown"                      [_thread_blocked, id=20968, stack(0x0000004fd9800000,0x0000004fd9900000) (1024K)]
  0x0000020f50bac550 JavaThread "AWT-Windows"                daemon [_thread_in_native, id=1392, stack(0x0000004fd9900000,0x0000004fd9a00000) (1024K)]
  0x0000020f966591e0 JavaThread "AWT-EventQueue-0"                  [_thread_in_vm, id=23732, stack(0x0000004fd9a00000,0x0000004fd9b00000) (1024K)]
  0x0000020f347d96e0 JavaThread "DestroyJavaVM"                     [_thread_blocked, id=9724, stack(0x0000004fd8500000,0x0000004fd8600000) (1024K)]
Total: 15

Other Threads:
  0x0000020f506f4ad0 VMThread "VM Thread"                           [id=22468, stack(0x0000004fd8c00000,0x0000004fd8d00000) (1024K)]
  0x0000020f506d94d0 WatcherThread "VM Periodic Task Thread"        [id=4868, stack(0x0000004fd8b00000,0x0000004fd8c00000) (1024K)]
  0x0000020f3482a6e0 WorkerThread "GC Thread#0"                     [id=24192, stack(0x0000004fd8600000,0x0000004fd8700000) (1024K)]
  0x0000020f3483b920 ConcurrentGCThread "G1 Main Marker"            [id=14460, stack(0x0000004fd8700000,0x0000004fd8800000) (1024K)]
  0x0000020f3483c430 WorkerThread "G1 Conc#0"                       [id=22544, stack(0x0000004fd8800000,0x0000004fd8900000) (1024K)]
  0x0000020f3489e820 ConcurrentGCThread "G1 Refine#0"               [id=8808, stack(0x0000004fd8900000,0x0000004fd8a00000) (1024K)]
  0x0000020f505a94f0 ConcurrentGCThread "G1 Service"                [id=22908, stack(0x0000004fd8a00000,0x0000004fd8b00000) (1024K)]
Total: 7

Threads with active compile tasks:
C2 CompilerThread0  1736  613       4       java.util.HashMap::put (13 bytes)
C1 CompilerThread0  1736  609       3       javax.swing.UIDefaults$TextAndMnemonicHashMap::get (358 bytes)
Total: 2

VM state: not at safepoint (normal execution)

VM Mutex/Monitor currently owned by a thread: None

Heap address: 0x0000000082e00000, size: 2002 MB, Compressed Oops mode: 32-bit

CDS archive(s) mapped at: [0x0000020f51000000-0x0000020f51c60000-0x0000020f51c60000), size 12976128, SharedBaseAddress: 0x0000020f51000000, ArchiveRelocationMode: 1.
Compressed class space mapped at: 0x0000020f52000000-0x0000020f92000000, reserved size: 1073741824
Narrow klass base: 0x0000020f51000000, Narrow klass shift: 0, Narrow klass range: 0x41000000

GC Precious Log:
 CardTable entry size: 512
 Card Set container configuration: InlinePtr #cards 5 size 8 Array Of Cards #cards 12 size 40 Howl #buckets 4 coarsen threshold 1843 Howl Bitmap #cards 512 size 80 coarsen threshold 460 Card regions per heap region 1 cards per card region 2048
 CPUs: 4 total, 4 available
 Memory: 8007M
 Large Page Support: Disabled
 NUMA Support: Disabled
 Compressed Oops: Enabled (32-bit)
 Heap Region Size: 1M
 Heap Min Capacity: 8M
 Heap Initial Capacity: 126M
 Heap Max Capacity: 2002M
 Pre-touch: Disabled
 Parallel Workers: 4
 Concurrent Workers: 1
 Concurrent Refinement Workers: 4
 Periodic GC: Disabled

Heap:
 garbage-first heap   total reserved 2050048K, committed 129024K, used 6144K [0x0000000082e00000, 0x0000000100000000)
  region size 1024K, 7 young (7168K), 0 survivors (0K)
 Metaspace       used 7920K, committed 8064K, reserved 1114112K
  class space    used 1000K, committed 1088K, reserved 1048576K

Heap Regions: E=young(eden), S=young(survivor), O=old, HS=humongous(starts), HC=humongous(continues), CS=collection set, F=free, TAMS=top-at-mark-start, PB=parsable bottom
|   0|0x0000000082e00000, 0x0000000082e00000, 0x0000000082f00000|  0%| F|  |TAMS 0x0000000082e00000| PB 0x0000000082e00000| Untracked |  0
|   1|0x0000000082f00000, 0x0000000082f00000, 0x0000000083000000|  0%| F|  |TAMS 0x0000000082f00000| PB 0x0000000082f00000| Untracked |  0
|   2|0x0000000083000000, 0x0000000083000000, 0x0000000083100000|  0%| F|  |TAMS 0x0000000083000000| PB 0x0000000083000000| Untracked |  0
|   3|0x0000000083100000, 0x0000000083100000, 0x0000000083200000|  0%| F|  |TAMS 0x0000000083100000| PB 0x0000000083100000| Untracked |  0
|   4|0x0000000083200000, 0x0000000083200000, 0x0000000083300000|  0%| F|  |TAMS 0x0000000083200000| PB 0x0000000083200000| Untracked |  0
|   5|0x0000000083300000, 0x0000000083300000, 0x0000000083400000|  0%| F|  |TAMS 0x0000000083300000| PB 0x0000000083300000| Untracked |  0
|   6|0x0000000083400000, 0x0000000083400000, 0x0000000083500000|  0%| F|  |TAMS 0x0000000083400000| PB 0x0000000083400000| Untracked |  0
|   7|0x0000000083500000, 0x0000000083500000, 0x0000000083600000|  0%| F|  |TAMS 0x0000000083500000| PB 0x0000000083500000| Untracked |  0
|   8|0x0000000083600000, 0x0000000083600000, 0x0000000083700000|  0%| F|  |TAMS 0x0000000083600000| PB 0x0000000083600000| Untracked |  0
|   9|0x0000000083700000, 0x0000000083700000, 0x0000000083800000|  0%| F|  |TAMS 0x0000000083700000| PB 0x0000000083700000| Untracked |  0
|  10|0x0000000083800000, 0x0000000083800000, 0x0000000083900000|  0%| F|  |TAMS 0x0000000083800000| PB 0x0000000083800000| Untracked |  0
|  11|0x0000000083900000, 0x0000000083900000, 0x0000000083a00000|  0%| F|  |TAMS 0x0000000083900000| PB 0x0000000083900000| Untracked |  0
|  12|0x0000000083a00000, 0x0000000083a00000, 0x0000000083b00000|  0%| F|  |TAMS 0x0000000083a00000| PB 0x0000000083a00000| Untracked |  0
|  13|0x0000000083b00000, 0x0000000083b00000, 0x0000000083c00000|  0%| F|  |TAMS 0x0000000083b00000| PB 0x0000000083b00000| Untracked |  0
|  14|0x0000000083c00000, 0x0000000083c00000, 0x0000000083d00000|  0%| F|  |TAMS 0x0000000083c00000| PB 0x0000000083c00000| Untracked |  0
|  15|0x0000000083d00000, 0x0000000083d00000, 0x0000000083e00000|  0%| F|  |TAMS 0x0000000083d00000| PB 0x0000000083d00000| Untracked |  0
|  16|0x0000000083e00000, 0x0000000083e00000, 0x0000000083f00000|  0%| F|  |TAMS 0x0000000083e00000| PB 0x0000000083e00000| Untracked |  0
|  17|0x0000000083f00000, 0x0000000083f00000, 0x0000000084000000|  0%| F|  |TAMS 0x0000000083f00000| PB 0x0000000083f00000| Untracked |  0
|  18|0x0000000084000000, 0x0000000084000000, 0x0000000084100000|  0%| F|  |TAMS 0x0000000084000000| PB 0x0000000084000000| Untracked |  0
|  19|0x0000000084100000, 0x0000000084100000, 0x0000000084200000|  0%| F|  |TAMS 0x0000000084100000| PB 0x0000000084100000| Untracked |  0
|  20|0x0000000084200000, 0x0000000084200000, 0x0000000084300000|  0%| F|  |TAMS 0x0000000084200000| PB 0x0000000084200000| Untracked |  0
|  21|0x0000000084300000, 0x0000000084300000, 0x0000000084400000|  0%| F|  |TAMS 0x0000000084300000| PB 0x0000000084300000| Untracked |  0
|  22|0x0000000084400000, 0x0000000084400000, 0x0000000084500000|  0%| F|  |TAMS 0x0000000084400000| PB 0x0000000084400000| Untracked |  0
|  23|0x0000000084500000, 0x0000000084500000, 0x0000000084600000|  0%| F|  |TAMS 0x0000000084500000| PB 0x0000000084500000| Untracked |  0
|  24|0x0000000084600000, 0x0000000084600000, 0x0000000084700000|  0%| F|  |TAMS 0x0000000084600000| PB 0x0000000084600000| Untracked |  0
|  25|0x0000000084700000, 0x0000000084700000, 0x0000000084800000|  0%| F|  |TAMS 0x0000000084700000| PB 0x0000000084700000| Untracked |  0
|  26|0x0000000084800000, 0x0000000084800000, 0x0000000084900000|  0%| F|  |TAMS 0x0000000084800000| PB 0x0000000084800000| Untracked |  0
|  27|0x0000000084900000, 0x0000000084900000, 0x0000000084a00000|  0%| F|  |TAMS 0x0000000084900000| PB 0x0000000084900000| Untracked |  0
|  28|0x0000000084a00000, 0x0000000084a00000, 0x0000000084b00000|  0%| F|  |TAMS 0x0000000084a00000| PB 0x0000000084a00000| Untracked |  0
|  29|0x0000000084b00000, 0x0000000084b00000, 0x0000000084c00000|  0%| F|  |TAMS 0x0000000084b00000| PB 0x0000000084b00000| Untracked |  0
|  30|0x0000000084c00000, 0x0000000084c00000, 0x0000000084d00000|  0%| F|  |TAMS 0x0000000084c00000| PB 0x0000000084c00000| Untracked |  0
|  31|0x0000000084d00000, 0x0000000084d00000, 0x0000000084e00000|  0%| F|  |TAMS 0x0000000084d00000| PB 0x0000000084d00000| Untracked |  0
|  32|0x0000000084e00000, 0x0000000084e00000, 0x0000000084f00000|  0%| F|  |TAMS 0x0000000084e00000| PB 0x0000000084e00000| Untracked |  0
|  33|0x0000000084f00000, 0x0000000084f00000, 0x0000000085000000|  0%| F|  |TAMS 0x0000000084f00000| PB 0x0000000084f00000| Untracked |  0
|  34|0x0000000085000000, 0x0000000085000000, 0x0000000085100000|  0%| F|  |TAMS 0x0000000085000000| PB 0x0000000085000000| Untracked |  0
|  35|0x0000000085100000, 0x0000000085100000, 0x0000000085200000|  0%| F|  |TAMS 0x0000000085100000| PB 0x0000000085100000| Untracked |  0
|  36|0x0000000085200000, 0x0000000085200000, 0x0000000085300000|  0%| F|  |TAMS 0x0000000085200000| PB 0x0000000085200000| Untracked |  0
|  37|0x0000000085300000, 0x0000000085300000, 0x0000000085400000|  0%| F|  |TAMS 0x0000000085300000| PB 0x0000000085300000| Untracked |  0
|  38|0x0000000085400000, 0x0000000085400000, 0x0000000085500000|  0%| F|  |TAMS 0x0000000085400000| PB 0x0000000085400000| Untracked |  0
|  39|0x0000000085500000, 0x0000000085500000, 0x0000000085600000|  0%| F|  |TAMS 0x0000000085500000| PB 0x0000000085500000| Untracked |  0
|  40|0x0000000085600000, 0x0000000085600000, 0x0000000085700000|  0%| F|  |TAMS 0x0000000085600000| PB 0x0000000085600000| Untracked |  0
|  41|0x0000000085700000, 0x0000000085700000, 0x0000000085800000|  0%| F|  |TAMS 0x0000000085700000| PB 0x0000000085700000| Untracked |  0
|  42|0x0000000085800000, 0x0000000085800000, 0x0000000085900000|  0%| F|  |TAMS 0x0000000085800000| PB 0x0000000085800000| Untracked |  0
|  43|0x0000000085900000, 0x0000000085900000, 0x0000000085a00000|  0%| F|  |TAMS 0x0000000085900000| PB 0x0000000085900000| Untracked |  0
|  44|0x0000000085a00000, 0x0000000085a00000, 0x0000000085b00000|  0%| F|  |TAMS 0x0000000085a00000| PB 0x0000000085a00000| Untracked |  0
|  45|0x0000000085b00000, 0x0000000085b00000, 0x0000000085c00000|  0%| F|  |TAMS 0x0000000085b00000| PB 0x0000000085b00000| Untracked |  0
|  46|0x0000000085c00000, 0x0000000085c00000, 0x0000000085d00000|  0%| F|  |TAMS 0x0000000085c00000| PB 0x0000000085c00000| Untracked |  0
|  47|0x0000000085d00000, 0x0000000085d00000, 0x0000000085e00000|  0%| F|  |TAMS 0x0000000085d00000| PB 0x0000000085d00000| Untracked |  0
|  48|0x0000000085e00000, 0x0000000085e00000, 0x0000000085f00000|  0%| F|  |TAMS 0x0000000085e00000| PB 0x0000000085e00000| Untracked |  0
|  49|0x0000000085f00000, 0x0000000085f00000, 0x0000000086000000|  0%| F|  |TAMS 0x0000000085f00000| PB 0x0000000085f00000| Untracked |  0
|  50|0x0000000086000000, 0x0000000086000000, 0x0000000086100000|  0%| F|  |TAMS 0x0000000086000000| PB 0x0000000086000000| Untracked |  0
|  51|0x0000000086100000, 0x0000000086100000, 0x0000000086200000|  0%| F|  |TAMS 0x0000000086100000| PB 0x0000000086100000| Untracked |  0
|  52|0x0000000086200000, 0x0000000086200000, 0x0000000086300000|  0%| F|  |TAMS 0x0000000086200000| PB 0x0000000086200000| Untracked |  0
|  53|0x0000000086300000, 0x0000000086300000, 0x0000000086400000|  0%| F|  |TAMS 0x0000000086300000| PB 0x0000000086300000| Untracked |  0
|  54|0x0000000086400000, 0x0000000086400000, 0x0000000086500000|  0%| F|  |TAMS 0x0000000086400000| PB 0x0000000086400000| Untracked |  0
|  55|0x0000000086500000, 0x0000000086500000, 0x0000000086600000|  0%| F|  |TAMS 0x0000000086500000| PB 0x0000000086500000| Untracked |  0
|  56|0x0000000086600000, 0x0000000086600000, 0x0000000086700000|  0%| F|  |TAMS 0x0000000086600000| PB 0x0000000086600000| Untracked |  0
|  57|0x0000000086700000, 0x0000000086700000, 0x0000000086800000|  0%| F|  |TAMS 0x0000000086700000| PB 0x0000000086700000| Untracked |  0
|  58|0x0000000086800000, 0x0000000086800000, 0x0000000086900000|  0%| F|  |TAMS 0x0000000086800000| PB 0x0000000086800000| Untracked |  0
|  59|0x0000000086900000, 0x0000000086900000, 0x0000000086a00000|  0%| F|  |TAMS 0x0000000086900000| PB 0x0000000086900000| Untracked |  0
|  60|0x0000000086a00000, 0x0000000086a00000, 0x0000000086b00000|  0%| F|  |TAMS 0x0000000086a00000| PB 0x0000000086a00000| Untracked |  0
|  61|0x0000000086b00000, 0x0000000086b00000, 0x0000000086c00000|  0%| F|  |TAMS 0x0000000086b00000| PB 0x0000000086b00000| Untracked |  0
|  62|0x0000000086c00000, 0x0000000086c00000, 0x0000000086d00000|  0%| F|  |TAMS 0x0000000086c00000| PB 0x0000000086c00000| Untracked |  0
|  63|0x0000000086d00000, 0x0000000086d00000, 0x0000000086e00000|  0%| F|  |TAMS 0x0000000086d00000| PB 0x0000000086d00000| Untracked |  0
|  64|0x0000000086e00000, 0x0000000086e00000, 0x0000000086f00000|  0%| F|  |TAMS 0x0000000086e00000| PB 0x0000000086e00000| Untracked |  0
|  65|0x0000000086f00000, 0x0000000086f00000, 0x0000000087000000|  0%| F|  |TAMS 0x0000000086f00000| PB 0x0000000086f00000| Untracked |  0
|  66|0x0000000087000000, 0x0000000087000000, 0x0000000087100000|  0%| F|  |TAMS 0x0000000087000000| PB 0x0000000087000000| Untracked |  0
|  67|0x0000000087100000, 0x0000000087100000, 0x0000000087200000|  0%| F|  |TAMS 0x0000000087100000| PB 0x0000000087100000| Untracked |  0
|  68|0x0000000087200000, 0x0000000087200000, 0x0000000087300000|  0%| F|  |TAMS 0x0000000087200000| PB 0x0000000087200000| Untracked |  0
|  69|0x0000000087300000, 0x0000000087300000, 0x0000000087400000|  0%| F|  |TAMS 0x0000000087300000| PB 0x0000000087300000| Untracked |  0
|  70|0x0000000087400000, 0x0000000087400000, 0x0000000087500000|  0%| F|  |TAMS 0x0000000087400000| PB 0x0000000087400000| Untracked |  0
|  71|0x0000000087500000, 0x0000000087500000, 0x0000000087600000|  0%| F|  |TAMS 0x0000000087500000| PB 0x0000000087500000| Untracked |  0
|  72|0x0000000087600000, 0x0000000087600000, 0x0000000087700000|  0%| F|  |TAMS 0x0000000087600000| PB 0x0000000087600000| Untracked |  0
|  73|0x0000000087700000, 0x0000000087700000, 0x0000000087800000|  0%| F|  |TAMS 0x0000000087700000| PB 0x0000000087700000| Untracked |  0
|  74|0x0000000087800000, 0x0000000087800000, 0x0000000087900000|  0%| F|  |TAMS 0x0000000087800000| PB 0x0000000087800000| Untracked |  0
|  75|0x0000000087900000, 0x0000000087900000, 0x0000000087a00000|  0%| F|  |TAMS 0x0000000087900000| PB 0x0000000087900000| Untracked |  0
|  76|0x0000000087a00000, 0x0000000087a00000, 0x0000000087b00000|  0%| F|  |TAMS 0x0000000087a00000| PB 0x0000000087a00000| Untracked |  0
|  77|0x0000000087b00000, 0x0000000087b00000, 0x0000000087c00000|  0%| F|  |TAMS 0x0000000087b00000| PB 0x0000000087b00000| Untracked |  0
|  78|0x0000000087c00000, 0x0000000087c00000, 0x0000000087d00000|  0%| F|  |TAMS 0x0000000087c00000| PB 0x0000000087c00000| Untracked |  0
|  79|0x0000000087d00000, 0x0000000087d00000, 0x0000000087e00000|  0%| F|  |TAMS 0x0000000087d00000| PB 0x0000000087d00000| Untracked |  0
|  80|0x0000000087e00000, 0x0000000087e00000, 0x0000000087f00000|  0%| F|  |TAMS 0x0000000087e00000| PB 0x0000000087e00000| Untracked |  0
|  81|0x0000000087f00000, 0x0000000087f00000, 0x0000000088000000|  0%| F|  |TAMS 0x0000000087f00000| PB 0x0000000087f00000| Untracked |  0
|  82|0x0000000088000000, 0x0000000088000000, 0x0000000088100000|  0%| F|  |TAMS 0x0000000088000000| PB 0x0000000088000000| Untracked |  0
|  83|0x0000000088100000, 0x0000000088100000, 0x0000000088200000|  0%| F|  |TAMS 0x0000000088100000| PB 0x0000000088100000| Untracked |  0
|  84|0x0000000088200000, 0x0000000088200000, 0x0000000088300000|  0%| F|  |TAMS 0x0000000088200000| PB 0x0000000088200000| Untracked |  0
|  85|0x0000000088300000, 0x0000000088300000, 0x0000000088400000|  0%| F|  |TAMS 0x0000000088300000| PB 0x0000000088300000| Untracked |  0
|  86|0x0000000088400000, 0x0000000088400000, 0x0000000088500000|  0%| F|  |TAMS 0x0000000088400000| PB 0x0000000088400000| Untracked |  0
|  87|0x0000000088500000, 0x0000000088500000, 0x0000000088600000|  0%| F|  |TAMS 0x0000000088500000| PB 0x0000000088500000| Untracked |  0
|  88|0x0000000088600000, 0x0000000088600000, 0x0000000088700000|  0%| F|  |TAMS 0x0000000088600000| PB 0x0000000088600000| Untracked |  0
|  89|0x0000000088700000, 0x0000000088700000, 0x0000000088800000|  0%| F|  |TAMS 0x0000000088700000| PB 0x0000000088700000| Untracked |  0
|  90|0x0000000088800000, 0x0000000088800000, 0x0000000088900000|  0%| F|  |TAMS 0x0000000088800000| PB 0x0000000088800000| Untracked |  0
|  91|0x0000000088900000, 0x0000000088900000, 0x0000000088a00000|  0%| F|  |TAMS 0x0000000088900000| PB 0x0000000088900000| Untracked |  0
|  92|0x0000000088a00000, 0x0000000088a00000, 0x0000000088b00000|  0%| F|  |TAMS 0x0000000088a00000| PB 0x0000000088a00000| Untracked |  0
|  93|0x0000000088b00000, 0x0000000088b00000, 0x0000000088c00000|  0%| F|  |TAMS 0x0000000088b00000| PB 0x0000000088b00000| Untracked |  0
|  94|0x0000000088c00000, 0x0000000088c00000, 0x0000000088d00000|  0%| F|  |TAMS 0x0000000088c00000| PB 0x0000000088c00000| Untracked |  0
|  95|0x0000000088d00000, 0x0000000088d00000, 0x0000000088e00000|  0%| F|  |TAMS 0x0000000088d00000| PB 0x0000000088d00000| Untracked |  0
|  96|0x0000000088e00000, 0x0000000088e00000, 0x0000000088f00000|  0%| F|  |TAMS 0x0000000088e00000| PB 0x0000000088e00000| Untracked |  0
|  97|0x0000000088f00000, 0x0000000088f00000, 0x0000000089000000|  0%| F|  |TAMS 0x0000000088f00000| PB 0x0000000088f00000| Untracked |  0
|  98|0x0000000089000000, 0x0000000089000000, 0x0000000089100000|  0%| F|  |TAMS 0x0000000089000000| PB 0x0000000089000000| Untracked |  0
|  99|0x0000000089100000, 0x0000000089100000, 0x0000000089200000|  0%| F|  |TAMS 0x0000000089100000| PB 0x0000000089100000| Untracked |  0
| 100|0x0000000089200000, 0x0000000089200000, 0x0000000089300000|  0%| F|  |TAMS 0x0000000089200000| PB 0x0000000089200000| Untracked |  0
| 101|0x0000000089300000, 0x0000000089300000, 0x0000000089400000|  0%| F|  |TAMS 0x0000000089300000| PB 0x0000000089300000| Untracked |  0
| 102|0x0000000089400000, 0x0000000089400000, 0x0000000089500000|  0%| F|  |TAMS 0x0000000089400000| PB 0x0000000089400000| Untracked |  0
| 103|0x0000000089500000, 0x0000000089500000, 0x0000000089600000|  0%| F|  |TAMS 0x0000000089500000| PB 0x0000000089500000| Untracked |  0
| 104|0x0000000089600000, 0x0000000089600000, 0x0000000089700000|  0%| F|  |TAMS 0x0000000089600000| PB 0x0000000089600000| Untracked |  0
| 105|0x0000000089700000, 0x0000000089700000, 0x0000000089800000|  0%| F|  |TAMS 0x0000000089700000| PB 0x0000000089700000| Untracked |  0
| 106|0x0000000089800000, 0x0000000089800000, 0x0000000089900000|  0%| F|  |TAMS 0x0000000089800000| PB 0x0000000089800000| Untracked |  0
| 107|0x0000000089900000, 0x0000000089900000, 0x0000000089a00000|  0%| F|  |TAMS 0x0000000089900000| PB 0x0000000089900000| Untracked |  0
| 108|0x0000000089a00000, 0x0000000089a00000, 0x0000000089b00000|  0%| F|  |TAMS 0x0000000089a00000| PB 0x0000000089a00000| Untracked |  0
| 109|0x0000000089b00000, 0x0000000089b00000, 0x0000000089c00000|  0%| F|  |TAMS 0x0000000089b00000| PB 0x0000000089b00000| Untracked |  0
| 110|0x0000000089c00000, 0x0000000089c00000, 0x0000000089d00000|  0%| F|  |TAMS 0x0000000089c00000| PB 0x0000000089c00000| Untracked |  0
| 111|0x0000000089d00000, 0x0000000089d00000, 0x0000000089e00000|  0%| F|  |TAMS 0x0000000089d00000| PB 0x0000000089d00000| Untracked |  0
| 112|0x0000000089e00000, 0x0000000089e00000, 0x0000000089f00000|  0%| F|  |TAMS 0x0000000089e00000| PB 0x0000000089e00000| Untracked |  0
| 113|0x0000000089f00000, 0x0000000089f00000, 0x000000008a000000|  0%| F|  |TAMS 0x0000000089f00000| PB 0x0000000089f00000| Untracked |  0
| 114|0x000000008a000000, 0x000000008a000000, 0x000000008a100000|  0%| F|  |TAMS 0x000000008a000000| PB 0x000000008a000000| Untracked |  0
| 115|0x000000008a100000, 0x000000008a100000, 0x000000008a200000|  0%| F|  |TAMS 0x000000008a100000| PB 0x000000008a100000| Untracked |  0
| 116|0x000000008a200000, 0x000000008a200000, 0x000000008a300000|  0%| F|  |TAMS 0x000000008a200000| PB 0x000000008a200000| Untracked |  0
| 117|0x000000008a300000, 0x000000008a300000, 0x000000008a400000|  0%| F|  |TAMS 0x000000008a300000| PB 0x000000008a300000| Untracked |  0
| 118|0x000000008a400000, 0x000000008a400000, 0x000000008a500000|  0%| F|  |TAMS 0x000000008a400000| PB 0x000000008a400000| Untracked |  0
| 119|0x000000008a500000, 0x000000008a5d7340, 0x000000008a600000| 84%| E|  |TAMS 0x000000008a500000| PB 0x000000008a500000| Complete |  0
| 120|0x000000008a600000, 0x000000008a700000, 0x000000008a700000|100%| E|CS|TAMS 0x000000008a600000| PB 0x000000008a600000| Complete |  0
| 121|0x000000008a700000, 0x000000008a800000, 0x000000008a800000|100%| E|CS|TAMS 0x000000008a700000| PB 0x000000008a700000| Complete |  0
| 122|0x000000008a800000, 0x000000008a900000, 0x000000008a900000|100%| E|CS|TAMS 0x000000008a800000| PB 0x000000008a800000| Complete |  0
| 123|0x000000008a900000, 0x000000008aa00000, 0x000000008aa00000|100%| E|CS|TAMS 0x000000008a900000| PB 0x000000008a900000| Complete |  0
| 124|0x000000008aa00000, 0x000000008ab00000, 0x000000008ab00000|100%| E|CS|TAMS 0x000000008aa00000| PB 0x000000008aa00000| Complete |  0
| 125|0x000000008ab00000, 0x000000008ac00000, 0x000000008ac00000|100%| E|CS|TAMS 0x000000008ab00000| PB 0x000000008ab00000| Complete |  0

Card table byte_map: [0x0000020f4bf10000,0x0000020f4c300000] _byte_map_base: 0x0000020f4baf9000

Marking Bits: (CMBitMap*) 0x0000020f3482adf0
 Bits: [0x0000020f4c300000, 0x0000020f4e248000)

Polling page: 0x0000020f327d0000

Metaspace:

Usage:
  Non-class:      6.86 MB used.
      Class:   1016.80 KB used.
       Both:      7.86 MB used.

Virtual space:
  Non-class space:       64.00 MB reserved,       7.00 MB ( 11%) committed,  1 nodes.
      Class space:        1.00 GB reserved,       1.12 MB ( <1%) committed,  1 nodes.
             Both:        1.06 GB reserved,       8.12 MB ( <1%) committed. 

Chunk freelists:
   Non-Class:  8.99 MB
       Class:  14.75 MB
        Both:  23.74 MB

MaxMetaspaceSize: unlimited
CompressedClassSpaceSize: 1.00 GB
Initial GC threshold: 21.00 MB
Current GC threshold: 21.00 MB
CDS: on
 - commit_granule_bytes: 65536.
 - commit_granule_words: 8192.
 - virtual_space_node_default_size: 8388608.
 - enlarge_chunks_in_place: 1.
 - use_allocation_guard: 0.


Internal statistics:

num_allocs_failed_limit: 0.
num_arena_births: 134.
num_arena_deaths: 0.
num_vsnodes_births: 2.
num_vsnodes_deaths: 0.
num_space_committed: 130.
num_space_uncommitted: 0.
num_chunks_returned_to_freelist: 0.
num_chunks_taken_from_freelist: 171.
num_chunk_merges: 0.
num_chunk_splits: 102.
num_chunks_enlarged: 50.
num_inconsistent_stats: 0.

CodeHeap 'non-profiled nmethods': size=120000Kb used=181Kb max_used=181Kb free=119818Kb
 bounds [0x0000020f445f0000, 0x0000020f44860000, 0x0000020f4bb20000]
CodeHeap 'profiled nmethods': size=120000Kb used=837Kb max_used=837Kb free=119162Kb
 bounds [0x0000020f3cb20000, 0x0000020f3cd90000, 0x0000020f44050000]
CodeHeap 'non-nmethods': size=5760Kb used=1472Kb max_used=1472Kb free=4287Kb
 bounds [0x0000020f44050000, 0x0000020f442c0000, 0x0000020f445f0000]
 total_blobs=1170 nmethods=621 adapters=455
 compilation: enabled
              stopped_count=0, restarted_count=0
 full_count=0

Compilation events (20 events):
Event: 1.404 Thread 0x0000020f50724e40 nmethod 602 0x0000020f3cbeed10 code [0x0000020f3cbeef00, 0x0000020f3cbef2e8]
Event: 1.405 Thread 0x0000020f5071e290 nmethod 575 0x0000020f44619890 code [0x0000020f44619a80, 0x0000020f4461a690]
Event: 1.405 Thread 0x0000020f5071e290  595       4       java.lang.String::toString (2 bytes)
Event: 1.406 Thread 0x0000020f5071e290 nmethod 595 0x0000020f4461a910 code [0x0000020f4461aa80, 0x0000020f4461ab08]
Event: 1.406 Thread 0x0000020f5071e290  590       4       java.lang.StringLatin1::hashCode (52 bytes)
Event: 1.407 Thread 0x0000020f50724e40  603       3       java.lang.invoke.LambdaFormEditor$TransformKey::packedBytes (30 bytes)
Event: 1.407 Thread 0x0000020f50724e40 nmethod 603 0x0000020f3cbef510 code [0x0000020f3cbef6a0, 0x0000020f3cbef7a8]
Event: 1.413 Thread 0x0000020f5071e290 nmethod 590 0x0000020f4461ac10 code [0x0000020f4461ada0, 0x0000020f4461af68]
Event: 1.437 Thread 0x0000020f50724e40  604       3       java.util.ArrayList::get (15 bytes)
Event: 1.437 Thread 0x0000020f50724e40 nmethod 604 0x0000020f3cbef810 code [0x0000020f3cbef9c0, 0x0000020f3cbefc80]
Event: 1.437 Thread 0x0000020f50724e40  605       3       java.util.Objects::checkIndex (7 bytes)
Event: 1.438 Thread 0x0000020f50724e40 nmethod 605 0x0000020f3cbefe10 code [0x0000020f3cbeffa0, 0x0000020f3cbf00d8]
Event: 1.438 Thread 0x0000020f50724e40  606       3       java.lang.CharacterData::of (136 bytes)
Event: 1.438 Thread 0x0000020f50724e40 nmethod 606 0x0000020f3cbf0190 code [0x0000020f3cbf03e0, 0x0000020f3cbf0d20]
Event: 1.438 Thread 0x0000020f50724e40  607       3       java.lang.Character::charCount (12 bytes)
Event: 1.438 Thread 0x0000020f50724e40 nmethod 607 0x0000020f3cbf0f90 code [0x0000020f3cbf1120, 0x0000020f3cbf1280]
Event: 1.438 Thread 0x0000020f50724e40  608       3       java.lang.CharacterDataLatin1::getProperties (11 bytes)
Event: 1.439 Thread 0x0000020f50724e40 nmethod 608 0x0000020f3cbf1310 code [0x0000020f3cbf14a0, 0x0000020f3cbf15e8]
Event: 1.439 Thread 0x0000020f50724e40  609       3       javax.swing.UIDefaults$TextAndMnemonicHashMap::get (358 bytes)
Event: 1.451 Thread 0x0000020f5071e290  613       4       java.util.HashMap::put (13 bytes)

GC Heap History (0 events):
No events

Dll operation events (8 events):
Event: 0.051 Loaded shared library C:\Program Files\Java\jdk-22\bin\java.dll
Event: 0.201 Loaded shared library C:\Program Files\Java\jdk-22\bin\jsvml.dll
Event: 0.511 Loaded shared library C:\Program Files\Java\jdk-22\bin\net.dll
Event: 0.517 Loaded shared library C:\Program Files\Java\jdk-22\bin\nio.dll
Event: 0.651 Loaded shared library C:\Program Files\Java\jdk-22\bin\jimage.dll
Event: 0.709 Loaded shared library C:\Program Files\Java\jdk-22\bin\awt.dll
Event: 1.173 Loaded shared library C:\Program Files\Java\jdk-22\bin\freetype.dll
Event: 1.175 Loaded shared library C:\Program Files\Java\jdk-22\bin\fontmanager.dll

Deoptimization events (4 events):
Event: 0.999 Thread 0x0000020f347d96e0 Uncommon trap: trap_request=0xffffff45 fr.pc=0x0000020f4460008c relative=0x0000000000000b4c
Event: 0.999 Thread 0x0000020f347d96e0 Uncommon trap: reason=unstable_if action=reinterpret pc=0x0000020f4460008c method=java.util.HashMap.putVal(ILjava/lang/Object;Ljava/lang/Object;ZZ)Ljava/lang/Object; @ 81 c2
Event: 0.999 Thread 0x0000020f347d96e0 DEOPT PACKING pc=0x0000020f4460008c sp=0x0000004fd85fea60
Event: 0.999 Thread 0x0000020f347d96e0 DEOPT UNPACKING pc=0x0000020f440a469c sp=0x0000004fd85fea10 mode 2

Classes loaded (20 events):
Event: 1.443 Loading class javax/swing/plaf/synth/SynthContext
Event: 1.443 Loading class javax/swing/plaf/synth/SynthContext done
Event: 1.443 Loading class javax/swing/plaf/nimbus/NimbusStyle
Event: 1.444 Loading class javax/swing/plaf/nimbus/NimbusStyle done
Event: 1.444 Loading class javax/swing/plaf/nimbus/NimbusStyle$1
Event: 1.445 Loading class javax/swing/plaf/nimbus/NimbusStyle$1 done
Event: 1.445 Loading class javax/swing/plaf/nimbus/NimbusStyle$CacheKey
Event: 1.445 Loading class javax/swing/plaf/nimbus/NimbusStyle$CacheKey done
Event: 1.445 Loading class javax/swing/plaf/nimbus/SynthPainterImpl
Event: 1.448 Loading class javax/swing/plaf/synth/SynthPainter
Event: 1.449 Loading class javax/swing/plaf/synth/SynthPainter done
Event: 1.449 Loading class javax/swing/plaf/nimbus/SynthPainterImpl done
Event: 1.449 Loading class javax/swing/plaf/synth/SynthPainter$1
Event: 1.450 Loading class javax/swing/plaf/synth/SynthPainter$1 done
Event: 1.450 Loading class javax/swing/plaf/synth/SynthBorder
Event: 1.450 Loading class javax/swing/plaf/synth/SynthBorder done
Event: 1.450 Loading class javax/swing/plaf/nimbus/NimbusStyle$Values
Event: 1.450 Loading class javax/swing/plaf/nimbus/NimbusStyle$Values done
Event: 1.450 Loading class java/util/Hashtable$EntrySet
Event: 1.451 Loading class java/util/Hashtable$EntrySet done

Classes unloaded (0 events):
No events

Classes redefined (0 events):
No events

Internal exceptions (20 events):
Event: 1.347 Thread 0x0000020f347d96e0 Exception <a 'java/lang/ClassNotFoundException'{0x000000008a628df8}: PasswordField> (0x000000008a628df8) 
thrown [s\open\src\hotspot\share\classfile\systemDictionary.cpp, line 313]
Event: 1.348 Thread 0x0000020f347d96e0 Exception <a 'java/lang/ClassNotFoundException'{0x000000008a629340}: TextArea> (0x000000008a629340) 
thrown [s\open\src\hotspot\share\classfile\systemDictionary.cpp, line 313]
Event: 1.351 Thread 0x0000020f347d96e0 Exception <a 'java/lang/ClassNotFoundException'{0x000000008a629c60}: TextPane> (0x000000008a629c60) 
thrown [s\open\src\hotspot\share\classfile\systemDictionary.cpp, line 313]
Event: 1.351 Thread 0x0000020f347d96e0 Exception <a 'java/lang/ClassNotFoundException'{0x000000008a62a0c8}: EditorPane> (0x000000008a62a0c8) 
thrown [s\open\src\hotspot\share\classfile\systemDictionary.cpp, line 313]
Event: 1.352 Thread 0x0000020f347d96e0 Exception <a 'java/lang/ClassNotFoundException'{0x000000008a62aa18}: ToolBar> (0x000000008a62aa18) 
thrown [s\open\src\hotspot\share\classfile\systemDictionary.cpp, line 313]
Event: 1.352 Thread 0x0000020f347d96e0 Exception <a 'java/lang/ClassNotFoundException'{0x000000008a62af10}: ToolBar> (0x000000008a62af10) 
thrown [s\open\src\hotspot\share\classfile\systemDictionary.cpp, line 313]
Event: 1.352 Thread 0x0000020f347d96e0 Exception <a 'java/lang/ClassNotFoundException'{0x000000008a62b270}: Button> (0x000000008a62b270) 
thrown [s\open\src\hotspot\share\classfile\systemDictionary.cpp, line 313]
Event: 1.352 Thread 0x0000020f347d96e0 Exception <a 'java/lang/ClassNotFoundException'{0x000000008a62b738}: ToolBar> (0x000000008a62b738) 
thrown [s\open\src\hotspot\share\classfile\systemDictionary.cpp, line 313]
Event: 1.352 Thread 0x0000020f347d96e0 Exception <a 'java/lang/ClassNotFoundException'{0x000000008a62baa8}: ToggleButton> (0x000000008a62baa8) 
thrown [s\open\src\hotspot\share\classfile\systemDictionary.cpp, line 313]
Event: 1.352 Thread 0x0000020f347d96e0 Exception <a 'java/lang/ClassNotFoundException'{0x000000008a62bee8}: javax/swing/JToolBarSeparator> (0x000000008a62bee8) 
thrown [s\open\src\hotspot\share\classfile\systemDictionary.cpp, line 313]
Event: 1.352 Thread 0x0000020f347d96e0 Exception <a 'java/lang/ClassNotFoundException'{0x000000008a62c1f8}: ToolBarSeparator> (0x000000008a62c1f8) 
thrown [s\open\src\hotspot\share\classfile\systemDictionary.cpp, line 313]
Event: 1.353 Thread 0x0000020f347d96e0 Exception <a 'java/lang/ClassNotFoundException'{0x000000008a62c700}: ToolTip> (0x000000008a62c700) 
thrown [s\open\src\hotspot\share\classfile\systemDictionary.cpp, line 313]
Event: 1.356 Thread 0x0000020f347d96e0 Exception <a 'java/lang/ClassNotFoundException'{0x000000008a62d040}: Tree> (0x000000008a62d040) 
thrown [s\open\src\hotspot\share\classfile\systemDictionary.cpp, line 313]
Event: 1.356 Thread 0x0000020f347d96e0 Exception <a 'java/lang/ClassNotFoundException'{0x000000008a62d538}: Tree> (0x000000008a62d538) 
thrown [s\open\src\hotspot\share\classfile\systemDictionary.cpp, line 313]
Event: 1.356 Thread 0x0000020f347d96e0 Exception <a 'java/lang/ClassNotFoundException'{0x000000008a62d8a8}: javax/swing/JTreeCell> (0x000000008a62d8a8) 
thrown [s\open\src\hotspot\share\classfile\systemDictionary.cpp, line 313]
Event: 1.356 Thread 0x0000020f347d96e0 Exception <a 'java/lang/ClassNotFoundException'{0x000000008a62dbb0}: TreeCell> (0x000000008a62dbb0) 
thrown [s\open\src\hotspot\share\classfile\systemDictionary.cpp, line 313]
Event: 1.357 Thread 0x0000020f347d96e0 Exception <a 'java/lang/ClassNotFoundException'{0x000000008a62e358}: RootPane> (0x000000008a62e358) 
thrown [s\open\src\hotspot\share\classfile\systemDictionary.cpp, line 313]
Event: 1.361 Thread 0x0000020f347d96e0 Exception <a 'java/lang/ClassNotFoundException'{0x000000008a6310e8}: com/sun/swing/internal/plaf/metal/resources/spi/metalProvider> (0x000000008a6310e8) 
thrown [s\open\src\hotspot\share\classfile\systemDictionary.cpp, line 313]
Event: 1.363 Thread 0x0000020f347d96e0 Exception <a 'java/lang/ClassNotFoundException'{0x000000008a634de8}: com/sun/swing/internal/plaf/basic/resources/spi/basicProvider> (0x000000008a634de8) 
thrown [s\open\src\hotspot\share\classfile\systemDictionary.cpp, line 313]
Event: 1.437 Thread 0x0000020f966591e0 Exception <a 'java/lang/ClassNotFoundException'{0x000000008a6a3e70}: com/sun/swing/internal/plaf/synth/resources/spi/synthProvider> (0x000000008a6a3e70) 
thrown [s\open\src\hotspot\share\classfile\systemDictionary.cpp, line 313]

ZGC Phase Switch (0 events):
No events

VM Operations (4 events):
Event: 0.541 Executing VM operation: HandshakeAllThreads (Deoptimize)
Event: 0.541 Executing VM operation: HandshakeAllThreads (Deoptimize) done
Event: 0.816 Executing VM operation: HandshakeAllThreads (Deoptimize)
Event: 0.816 Executing VM operation: HandshakeAllThreads (Deoptimize) done

Events (17 events):
Event: 0.121 Thread 0x0000020f347d96e0 Thread added: 0x0000020f347d96e0
Event: 0.174 Thread 0x0000020f507106b0 Thread added: 0x0000020f507106b0
Event: 0.174 Thread 0x0000020f50713e40 Thread added: 0x0000020f50713e40
Event: 0.175 Thread 0x0000020f507175d0 Thread added: 0x0000020f507175d0
Event: 0.175 Thread 0x0000020f50718030 Thread added: 0x0000020f50718030
Event: 0.175 Thread 0x0000020f50718a90 Thread added: 0x0000020f50718a90
Event: 0.176 Thread 0x0000020f5071d500 Thread added: 0x0000020f5071d500
Event: 0.176 Thread 0x0000020f5071e290 Thread added: 0x0000020f5071e290
Event: 0.191 Thread 0x0000020f50724e40 Thread added: 0x0000020f50724e40
Event: 0.420 Thread 0x0000020f50976f00 Thread added: 0x0000020f50976f00
Event: 0.582 Thread 0x0000020f50a3f5f0 Thread added: 0x0000020f50a3f5f0
Event: 0.908 Thread 0x0000020f50ab2910 Thread added: 0x0000020f50ab2910
Event: 0.912 Thread 0x0000020f50babee0 Thread added: 0x0000020f50babee0
Event: 0.918 Thread 0x0000020f50bac550 Thread added: 0x0000020f50bac550
Event: 1.391 Thread 0x0000020f966591e0 Thread added: 0x0000020f966591e0
Event: 1.392 Thread 0x0000020f347d96e0 Thread exited: 0x0000020f347d96e0
Event: 1.392 Thread 0x0000020f347d96e0 Thread added: 0x0000020f347d96e0


Dynamic libraries:
0x00007ff788820000 - 0x00007ff788830000 	C:\Program Files\Java\jdk-22\bin\java.exe
0x00007ffa40a20000 - 0x00007ffa40c88000 	C:\WINDOWS\SYSTEM32\ntdll.dll
0x00007ffa3f7d0000 - 0x00007ffa3f899000 	C:\WINDOWS\System32\KERNEL32.DLL
0x00007ffa3e010000 - 0x00007ffa3e3fd000 	C:\WINDOWS\System32\KERNELBASE.dll
0x00007ffa3dec0000 - 0x00007ffa3e00b000 	C:\WINDOWS\System32\ucrtbase.dll
0x00007ff9d51e0000 - 0x00007ff9d51f7000 	C:\Program Files\Java\jdk-22\bin\jli.dll
0x00007ffa3ec10000 - 0x00007ffa3ecc4000 	C:\WINDOWS\System32\ADVAPI32.dll
0x00007ffa2b1a0000 - 0x00007ffa2b1bb000 	C:\Program Files\Java\jdk-22\bin\VCRUNTIME140.dll
0x00007ffa3fba0000 - 0x00007ffa3fc49000 	C:\WINDOWS\System32\msvcrt.dll
0x00007ffa3fc50000 - 0x00007ffa3fcf6000 	C:\WINDOWS\System32\sechost.dll
0x00007ffa3f680000 - 0x00007ffa3f798000 	C:\WINDOWS\System32\RPCRT4.dll
0x00007ffa3fd00000 - 0x00007ffa3fecc000 	C:\WINDOWS\System32\USER32.dll
0x00007ffa3e790000 - 0x00007ffa3e7b7000 	C:\WINDOWS\System32\win32u.dll
0x00007ffa409b0000 - 0x00007ffa409db000 	C:\WINDOWS\System32\GDI32.dll
0x00007ffa3dd80000 - 0x00007ffa3deb7000 	C:\WINDOWS\System32\gdi32full.dll
0x00007ffa3e400000 - 0x00007ffa3e4a3000 	C:\WINDOWS\System32\msvcp_win.dll
0x00007ffa231d0000 - 0x00007ffa2346a000 	C:\WINDOWS\WinSxS\amd64_microsoft.windows.common-controls_6595b64144ccf1df_6.0.26100.4484_none_3e0e6d4ce32ef3b3\COMCTL32.dll
0x00007ffa2f990000 - 0x00007ffa2f99b000 	C:\WINDOWS\SYSTEM32\VERSION.dll
0x00007ffa3fae0000 - 0x00007ffa3fb0f000 	C:\WINDOWS\System32\IMM32.DLL
0x00007ffa38690000 - 0x00007ffa3869c000 	C:\Program Files\Java\jdk-22\bin\vcruntime140_1.dll
0x00007ffa0ad30000 - 0x00007ffa0adbe000 	C:\Program Files\Java\jdk-22\bin\msvcp140.dll
0x00007ff99c690000 - 0x00007ff99d3d8000 	C:\Program Files\Java\jdk-22\bin\server\jvm.dll
0x00007ffa3eb90000 - 0x00007ffa3ec04000 	C:\WINDOWS\System32\WS2_32.dll
0x00007ffa3d9c0000 - 0x00007ffa3da1e000 	C:\WINDOWS\SYSTEM32\POWRPROF.dll
0x00007ffa23950000 - 0x00007ffa23985000 	C:\WINDOWS\SYSTEM32\WINMM.dll
0x00007ffa3d9a0000 - 0x00007ffa3d9b4000 	C:\WINDOWS\SYSTEM32\UMPDC.dll
0x00007ffa3c910000 - 0x00007ffa3c92b000 	C:\WINDOWS\SYSTEM32\kernel.appcore.dll
0x00007ffa21e70000 - 0x00007ffa21e7a000 	C:\Program Files\Java\jdk-22\bin\jimage.dll
0x00007ffa3b4b0000 - 0x00007ffa3b6f1000 	C:\WINDOWS\SYSTEM32\DBGHELP.DLL
0x00007ffa3fed0000 - 0x00007ffa40256000 	C:\WINDOWS\System32\combase.dll
0x00007ffa3e7d0000 - 0x00007ffa3e8b0000 	C:\WINDOWS\System32\OLEAUT32.dll
0x00007ffa22270000 - 0x00007ffa222b3000 	C:\WINDOWS\SYSTEM32\dbgcore.DLL
0x00007ffa3e630000 - 0x00007ffa3e6c9000 	C:\WINDOWS\System32\bcryptPrimitives.dll
0x00007ffa24fa0000 - 0x00007ffa24fbe000 	C:\Program Files\Java\jdk-22\bin\java.dll
0x00007ffa40260000 - 0x00007ffa409aa000 	C:\WINDOWS\System32\SHELL32.dll
0x00007ffa3e4b0000 - 0x00007ffa3e624000 	C:\WINDOWS\System32\wintypes.dll
0x00007ffa3e8f0000 - 0x00007ffa3ea8e000 	C:\WINDOWS\System32\ole32.dll
0x00007ffa3b7f0000 - 0x00007ffa3c04b000 	C:\WINDOWS\SYSTEM32\windows.storage.dll
0x00007ffa3f580000 - 0x00007ffa3f675000 	C:\WINDOWS\System32\SHCORE.dll
0x00007ffa3eb20000 - 0x00007ffa3eb8a000 	C:\WINDOWS\System32\shlwapi.dll
0x00007ffa3da80000 - 0x00007ffa3daaf000 	C:\WINDOWS\SYSTEM32\profapi.dll
0x00007ff9d43c0000 - 0x00007ff9d4497000 	C:\Program Files\Java\jdk-22\bin\jsvml.dll
0x00007ffa11440000 - 0x00007ffa11450000 	C:\Program Files\Java\jdk-22\bin\net.dll
0x00007ffa3cea0000 - 0x00007ffa3cf0a000 	C:\WINDOWS\system32\mswsock.dll
0x00007ffa11400000 - 0x00007ffa11416000 	C:\Program Files\Java\jdk-22\bin\nio.dll
0x00007ff9bfe90000 - 0x00007ff9c001e000 	C:\Program Files\Java\jdk-22\bin\awt.dll
0x00007ffa3a790000 - 0x00007ffa3a82e000 	C:\WINDOWS\SYSTEM32\apphelp.dll
0x00007ffa3a970000 - 0x00007ffa3aa1f000 	C:\WINDOWS\system32\uxtheme.dll
0x00007ffa3edd0000 - 0x00007ffa3ef30000 	C:\WINDOWS\System32\MSCTF.dll
0x00007ffa3ad20000 - 0x00007ffa3ad56000 	C:\WINDOWS\system32\DWMAPI.DLL
0x00007ff9f9f70000 - 0x00007ff9f9ff7000 	C:\Program Files\Java\jdk-22\bin\freetype.dll
0x00007ff9cc060000 - 0x00007ff9cc137000 	C:\Program Files\Java\jdk-22\bin\fontmanager.dll
0x00007ffa03940000 - 0x00007ffa03a58000 	C:\WINDOWS\system32\opengl32.dll
0x00007ffa042b0000 - 0x00007ffa042dd000 	C:\WINDOWS\SYSTEM32\GLU32.dll
0x00007ffa3ab70000 - 0x00007ffa3abbd000 	C:\WINDOWS\SYSTEM32\dxcore.dll

dbghelp: loaded successfully - version: 4.0.5 - missing functions: none
symbol engine: initialized successfully - sym options: 0x614 - pdb path: .;C:\Program Files\Java\jdk-22\bin;C:\WINDOWS\SYSTEM32;C:\WINDOWS\WinSxS\amd64_microsoft.windows.common-controls_6595b64144ccf1df_6.0.26100.4484_none_3e0e6d4ce32ef3b3;C:\Program Files\Java\jdk-22\bin\server

VM Arguments:
jvm_args: -Dfile.encoding=UTF-8 --module-path=C:\Users\user\Desktop\MISHEL GPROY\grupo4OSAdministradorProcesos\administradorProcesosGrupo4\build\classes 
java_command: main
java_class_path (initial): C:\Users\user\Desktop\MISHEL GPROY\grupo4OSAdministradorProcesos\administradorProcesosGrupo4\lib\jfreechart-1.0;C:\Users\user\Desktop\MISHEL GPROY\grupo4OSAdministradorProcesos\administradorProcesosGrupo4\build\classes
Launcher Type: SUN_STANDARD

[Global flags]
     intx CICompilerCount                          = 3                                         {product} {ergonomic}
     uint ConcGCThreads                            = 1                                         {product} {ergonomic}
     uint G1ConcRefinementThreads                  = 4                                         {product} {ergonomic}
   size_t G1HeapRegionSize                         = 1048576                                   {product} {ergonomic}
   size_t InitialHeapSize                          = 132120576                                 {product} {ergonomic}
   size_t MarkStackSize                            = 4194304                                   {product} {ergonomic}
   size_t MaxHeapSize                              = 2099249152                                {product} {ergonomic}
   size_t MaxNewSize                               = 1259339776                                {product} {ergonomic}
   size_t MinHeapDeltaBytes                        = 1048576                                   {product} {ergonomic}
   size_t MinHeapSize                              = 8388608                                   {product} {ergonomic}
    uintx NonNMethodCodeHeapSize                   = 5832780                                {pd product} {ergonomic}
    uintx NonProfiledCodeHeapSize                  = 122912730                              {pd product} {ergonomic}
    uintx ProfiledCodeHeapSize                     = 122912730                              {pd product} {ergonomic}
    uintx ReservedCodeCacheSize                    = 251658240                              {pd product} {ergonomic}
     bool SegmentedCodeCache                       = true                                      {product} {ergonomic}
   size_t SoftMaxHeapSize                          = 2099249152                             {manageable} {ergonomic}
     bool UseCompressedOops                        = true                           {product lp64_product} {ergonomic}
     bool UseG1GC                                  = true                                      {product} {ergonomic}
     bool UseLargePagesIndividualAllocation        = false                                  {pd product} {ergonomic}

Logging:
Log output configuration:
 #0: stdout all=warning uptime,level,tags foldmultilines=false
 #1: stderr all=off uptime,level,tags foldmultilines=false

Environment Variables:
PATH=C:\ORACLEDAT2025\dbhomeXE\bin;C:\Program Files\Common Files\Oracle\Java\javapath;C:\Program Files (x86)\Common Files\Oracle\Java\java8path;C:\Program Files (x86)\Common Files\Oracle\Java\javapath;C:\WINDOWS\system32;C:\WINDOWS;C:\WINDOWS\System32\Wbem;C:\WINDOWS\System32\WindowsPowerShell\v1.0\;C:\WINDOWS\System32\OpenSSH\;C:\Program Files\Git\cmd;C:\Program Files\nodejs\;C:\Program Files\MySQL\MySQL Shell 8.0\bin\;C:\Users\user\AppData\Local\Microsoft\WindowsApps;;C:\Users\user\AppData\Local\Programs\Microsoft VS Code\bin;C:\Users\user\AppData\Roaming\npm;C:\Program Files\JetBrains\WebStorm 2024.3.2.1\bin;
USERNAME=Mishel Loeiza
OS=Windows_NT
PROCESSOR_IDENTIFIER=Intel64 Family 6 Model 122 Stepping 1, GenuineIntel
TMP=C:\Users\user\AppData\Local\Temp
TEMP=C:\Users\user\AppData\Local\Temp




Periodic native trim disabled

---------------  S Y S T E M  ---------------

OS:
 Windows 11 , 64 bit Build 26100 (10.0.26100.4484)
OS uptime: 1 days 15:44 hours

CPU: total 4 (initial active 4) (4 cores per cpu, 1 threads per core) family 6 model 122 stepping 1 microcode 0x34, cx8, cmov, fxsr, mmx, 3dnowpref, sse, sse2, sse3, ssse3, sse4.1, sse4.2, popcnt, tsc, tscinvbit, aes, erms, clmul, sha, clflush, clflushopt, rdtscp, rdpid
Processor Information for all 4 processors :
  Max Mhz: 1101, Current Mhz: 1101, Mhz Limit: 1101

Memory: 4k page, system-wide physical 8007M (654M free)
TotalPageFile size 18987M (AvailPageFile size 1M)
current process WorkingSet (physical memory assigned to process): 63M, peak: 63M
current process commit charge ("private bytes"): 215M, peak: 215M

vm_info: Java HotSpot(TM) 64-Bit Server VM (22+36-2370) for windows-amd64 JRE (22+36-2370), built on 2024-02-15T22:15:19Z by "mach5one" with MS VC++ 17.6 (VS2022)

END.
